Release 14.5 - xst P.58f (nt64)
Copyright (c) 1995-2012 Xilinx, Inc.  All rights reserved.
--> Parameter TMPDIR set to xst/projnav.tmp


Total REAL time to Xst completion: 1.00 secs
Total CPU time to Xst completion: 0.08 secs
 
--> Parameter xsthdpdir set to xst


Total REAL time to Xst completion: 1.00 secs
Total CPU time to Xst completion: 0.08 secs
 
--> Reading design: i2c_controller_tst2.prj

TABLE OF CONTENTS
  1) Synthesis Options Summary
  2) HDL Parsing
  3) HDL Elaboration
  4) HDL Synthesis
       4.1) HDL Synthesis Report
  5) Advanced HDL Synthesis
       5.1) Advanced HDL Synthesis Report
  6) Low Level Synthesis
  7) Partition Report
  8) Design Summary
       8.1) Primitive and Black Box Usage
       8.2) Device utilization summary
       8.3) Partition Resource Summary
       8.4) Timing Report
            8.4.1) Clock Information
            8.4.2) Asynchronous Control Signals Information
            8.4.3) Timing Summary
            8.4.4) Timing Details
            8.4.5) Cross Clock Domains Report


=========================================================================
*                      Synthesis Options Summary                        *
=========================================================================
---- Source Parameters
Input File Name                    : "i2c_controller_tst2.prj"
Ignore Synthesis Constraint File   : NO

---- Target Parameters
Output File Name                   : "i2c_controller_tst2"
Output Format                      : NGC
Target Device                      : xc6slx9-3-csg324

---- Source Options
Top Module Name                    : i2c_controller_tst2
Automatic FSM Extraction           : YES
FSM Encoding Algorithm             : Auto
Safe Implementation                : No
CASE Implementation Style          : Full
FSM Style                          : LUT
RAM Extraction                     : Yes
RAM Style                          : Auto
ROM Extraction                     : Yes
Shift Register Extraction          : YES
ROM Style                          : Auto
Resource Sharing                   : YES
Asynchronous To Synchronous        : NO
Shift Register Minimum Size        : 2
Use DSP Block                      : Auto
Automatic Register Balancing       : No

---- Target Options
LUT Combining                      : Auto
Reduce Control Sets                : Auto
Add IO Buffers                     : YES
Global Maximum Fanout              : 100000
Add Generic Clock Buffer(BUFG)     : 16
Register Duplication               : YES
Optimize Instantiated Primitives   : NO
Use Clock Enable                   : Auto
Use Synchronous Set                : Auto
Use Synchronous Reset              : Auto
Pack IO Registers into IOBs        : Auto
Equivalent register Removal        : NO

---- General Options
Optimization Goal                  : Speed
Optimization Effort                : 0
Power Reduction                    : NO
Keep Hierarchy                     : Soft
Netlist Hierarchy                  : As_Optimized
RTL Output                         : Yes
Global Optimization                : AllClockNets
Read Cores                         : YES
Write Timing Constraints           : NO
Cross Clock Analysis               : NO
Hierarchy Separator                : /
Bus Delimiter                      : <>
Case Specifier                     : Maintain
Slice Utilization Ratio            : 100
BRAM Utilization Ratio             : 100
DSP48 Utilization Ratio            : 100
Auto BRAM Packing                  : NO
Slice Utilization Ratio Delta      : 5

=========================================================================


=========================================================================
*                          HDL Parsing                                  *
=========================================================================
Analyzing Verilog file "C:\Users\Camilo\Documents\Xilinx_Workspace\I2C_2\i2c_master_bit_ctrl.v" into library work
Parsing verilog file "i2c_master_defines.v" included at line 141.
Parsing module <i2c_master_bit_ctrl>.
Analyzing Verilog file "C:\Users\Camilo\Documents\Xilinx_Workspace\I2C_2\i2c_master_byte_ctrl.v" into library work
Parsing verilog file "i2c_master_defines.v" included at line 73.
Parsing module <i2c_master_byte_ctrl>.
Analyzing Verilog file "C:\Users\Camilo\Documents\Xilinx_Workspace\I2C_2\i2c_master_top.v" into library work
Parsing verilog file "i2c_master_defines.v" included at line 76.
Parsing module <i2c_master_top>.
Analyzing Verilog file "C:\Users\Camilo\Documents\Xilinx_Workspace\I2C_2\i2c_controller_tst2.v" into library work
Parsing module <i2c_controller_tst2>.

=========================================================================
*                            HDL Elaboration                            *
=========================================================================

Elaborating module <i2c_controller_tst2>.

Elaborating module <i2c_master_top>.

Elaborating module <i2c_master_byte_ctrl>.

Elaborating module <i2c_master_bit_ctrl>.
WARNING:HDLCompiler:413 - "C:\Users\Camilo\Documents\Xilinx_Workspace\I2C_2\i2c_master_bit_ctrl.v" Line 258: Result of 32-bit expression is truncated to fit in 14-bit target.
WARNING:HDLCompiler:1308 - "C:\Users\Camilo\Documents\Xilinx_Workspace\I2C_2\i2c_master_bit_ctrl.v" Line 406: Found full_case directive in module i2c_master_bit_ctrl. Use of full_case directives may cause differences between RTL and post-synthesis simulation
WARNING:HDLCompiler:1309 - "C:\Users\Camilo\Documents\Xilinx_Workspace\I2C_2\i2c_master_byte_ctrl.v" Line 230: Found full_case directive. Use of full_case directives may cause differences between RTL and post-synthesis simulation
WARNING:HDLCompiler:1127 - "C:\Users\Camilo\Documents\Xilinx_Workspace\I2C_2\i2c_controller_tst2.v" Line 130: Assignment to pointer2 ignored, since the identifier is never used

=========================================================================
*                           HDL Synthesis                               *
=========================================================================

Synthesizing Unit <i2c_controller_tst2>.
    Related source file is "C:\Users\Camilo\Documents\Xilinx_Workspace\I2C_2\i2c_controller_tst2.v".
    Set property "KEEP = TRUE" for signal <i2c_lab>.
    Set property "KEEP = TRUE" for signal <i2c_data_in>.
    Set property "KEEP = TRUE" for signal <i2c_data_out>.
    Set property "KEEP = TRUE" for signal <i2c_lab_d>.
    Set property "KEEP = TRUE" for signal <i2c_data_in_d>.
    Set property "KEEP = TRUE" for signal <i2c_rst>.
    Set property "KEEP = TRUE" for signal <i2c_we>.
    Set property "KEEP = TRUE" for signal <i2c_cs>.
    Set property "KEEP = TRUE" for signal <i2c_cyc>.
    Set property "KEEP = TRUE" for signal <i2c_ack_o>.
    Set property "KEEP = TRUE" for signal <i2c_int>.
    Set property "KEEP = TRUE" for signal <i2c_rst_d>.
    Set property "KEEP = TRUE" for signal <i2c_we_d>.
    Set property "KEEP = TRUE" for signal <i2c_cs_d>.
    Set property "KEEP = TRUE" for signal <i2c_cyc_d>.
INFO:Xst:3210 - "C:\Users\Camilo\Documents\Xilinx_Workspace\I2C_2\i2c_controller_tst2.v" line 61: Output port <wb_inta_o> of the instance <i2c> is unconnected or connected to loadless signal.
    Found 6-bit register for signal <pointer>.
    Found 1-bit register for signal <i2c_rst>.
    Found 3-bit register for signal <i2c_lab>.
    Found 8-bit register for signal <i2c_data_in>.
    Found 1-bit register for signal <i2c_we>.
    Found 1-bit register for signal <i2c_cs>.
    Found 1-bit register for signal <i2c_cyc>.
    Found 6-bit register for signal <state>.
    Found 1-bit tristate buffer for signal <scl> created at line 56
    Found 1-bit tristate buffer for signal <sda> created at line 57
INFO:Xst:2774 - HDL ADVISOR - KEEP property attached to signal i2c_rst_d may hinder XST clustering optimizations.
INFO:Xst:2774 - HDL ADVISOR - KEEP property attached to signal i2c_we_d may hinder XST clustering optimizations.
    Summary:
	inferred  27 D-type flip-flop(s).
	inferred  74 Multiplexer(s).
	inferred   2 Tristate(s).
Unit <i2c_controller_tst2> synthesized.

Synthesizing Unit <i2c_master_top>.
    Related source file is "C:\Users\Camilo\Documents\Xilinx_Workspace\I2C_2\i2c_master_top.v".
        ARST_LVL = 1'b0
    Found 16-bit register for signal <prer>.
    Found 8-bit register for signal <ctr>.
    Found 8-bit register for signal <txr>.
    Found 1-bit register for signal <cr<7>>.
    Found 1-bit register for signal <cr<6>>.
    Found 1-bit register for signal <cr<5>>.
    Found 1-bit register for signal <cr<4>>.
    Found 1-bit register for signal <cr<3>>.
    Found 1-bit register for signal <cr<2>>.
    Found 1-bit register for signal <cr<1>>.
    Found 1-bit register for signal <cr<0>>.
    Found 1-bit register for signal <al>.
    Found 1-bit register for signal <rxack>.
    Found 1-bit register for signal <tip>.
    Found 1-bit register for signal <irq_flag>.
    Found 1-bit register for signal <wb_inta_o>.
    Found 8-bit register for signal <wb_dat_o>.
    Found 1-bit register for signal <wb_ack_o>.
    Found 8-bit 8-to-1 multiplexer for signal <wb_adr_i[2]_GND_4_o_wide_mux_2_OUT> created at line 164.
    Summary:
	inferred  54 D-type flip-flop(s).
	inferred  25 Multiplexer(s).
Unit <i2c_master_top> synthesized.

Synthesizing Unit <i2c_master_byte_ctrl>.
    Related source file is "C:\Users\Camilo\Documents\Xilinx_Workspace\I2C_2\i2c_master_byte_ctrl.v".
        ST_IDLE = 5'b00000
        ST_START = 5'b00001
        ST_READ = 5'b00010
        ST_WRITE = 5'b00100
        ST_ACK = 5'b01000
        ST_STOP = 5'b10000
    Found 3-bit register for signal <dcnt>.
    Found 4-bit register for signal <core_cmd>.
    Found 5-bit register for signal <c_state>.
    Found 8-bit register for signal <sr>.
    Found 1-bit register for signal <core_txd>.
    Found 1-bit register for signal <shift>.
    Found 1-bit register for signal <ld>.
    Found 1-bit register for signal <cmd_ack>.
    Found 1-bit register for signal <ack_out>.
    Found finite state machine <FSM_0> for signal <c_state>.
    -----------------------------------------------------------------------
    | States             | 6                                              |
    | Transitions        | 26                                             |
    | Inputs             | 9                                              |
    | Outputs            | 6                                              |
    | Clock              | clk (rising_edge)                              |
    | Reset              | nReset (negative)                              |
    | Reset type         | asynchronous                                   |
    | Reset State        | 00000                                          |
    | Encoding           | auto                                           |
    | Implementation     | LUT                                            |
    -----------------------------------------------------------------------
    Found 3-bit subtractor for signal <dcnt[2]_GND_5_o_sub_6_OUT> created at line 192.
    Summary:
	inferred   1 Adder/Subtractor(s).
	inferred  20 D-type flip-flop(s).
	inferred  22 Multiplexer(s).
	inferred   1 Finite State Machine(s).
Unit <i2c_master_byte_ctrl> synthesized.

Synthesizing Unit <i2c_master_bit_ctrl>.
    Related source file is "C:\Users\Camilo\Documents\Xilinx_Workspace\I2C_2\i2c_master_bit_ctrl.v".
        idle = 18'b000000000000000000
        start_a = 18'b000000000000000001
        start_b = 18'b000000000000000010
        start_c = 18'b000000000000000100
        start_d = 18'b000000000000001000
        start_e = 18'b000000000000010000
        stop_a = 18'b000000000000100000
        stop_b = 18'b000000000001000000
        stop_c = 18'b000000000010000000
        stop_d = 18'b000000000100000000
        rd_a = 18'b000000001000000000
        rd_b = 18'b000000010000000000
        rd_c = 18'b000000100000000000
        rd_d = 18'b000001000000000000
        wr_a = 18'b000010000000000000
        wr_b = 18'b000100000000000000
        wr_c = 18'b001000000000000000
        wr_d = 18'b010000000000000000
    Found 3-bit register for signal <fSCL>.
    Found 3-bit register for signal <fSDA>.
    Found 16-bit register for signal <cnt>.
    Found 2-bit register for signal <cSCL>.
    Found 2-bit register for signal <cSDA>.
    Found 14-bit register for signal <filter_cnt>.
    Found 18-bit register for signal <c_state>.
    Found 1-bit register for signal <slave_wait>.
    Found 1-bit register for signal <sta_condition>.
    Found 1-bit register for signal <sto_condition>.
    Found 1-bit register for signal <busy>.
    Found 1-bit register for signal <cmd_stop>.
    Found 1-bit register for signal <al>.
    Found 1-bit register for signal <cmd_ack>.
    Found 1-bit register for signal <sda_chk>.
    Found 1-bit register for signal <sSCL>.
    Found 1-bit register for signal <sSDA>.
    Found 1-bit register for signal <dSCL>.
    Found 1-bit register for signal <dSDA>.
    Found 1-bit register for signal <scl_oen>.
    Found 1-bit register for signal <sda_oen>.
    Found 1-bit register for signal <clk_en>.
    Found 1-bit register for signal <dout>.
    Found 1-bit register for signal <dscl_oen>.
    Found finite state machine <FSM_1> for signal <c_state>.
    -----------------------------------------------------------------------
    | States             | 18                                             |
    | Transitions        | 58                                             |
    | Inputs             | 7                                              |
    | Outputs            | 35                                             |
    | Clock              | clk (rising_edge)                              |
    | Reset              | nReset (negative)                              |
    | Reset type         | asynchronous                                   |
    | Reset State        | 000000000000000000                             |
    | Encoding           | auto                                           |
    | Implementation     | LUT                                            |
    -----------------------------------------------------------------------
    Found 16-bit subtractor for signal <cnt[15]_GND_6_o_sub_3_OUT> created at line 226.
    Found 14-bit subtractor for signal <GND_6_o_GND_6_o_sub_12_OUT<13:0>> created at line 258.
    Summary:
	inferred   2 Adder/Subtractor(s).
	inferred  57 D-type flip-flop(s).
	inferred  21 Multiplexer(s).
	inferred   1 Finite State Machine(s).
Unit <i2c_master_bit_ctrl> synthesized.

=========================================================================
HDL Synthesis Report

Macro Statistics
# Adders/Subtractors                                   : 3
 14-bit subtractor                                     : 1
 16-bit subtractor                                     : 1
 3-bit subtractor                                      : 1
# Registers                                            : 57
 1-bit register                                        : 40
 14-bit register                                       : 1
 16-bit register                                       : 2
 2-bit register                                        : 2
 3-bit register                                        : 4
 4-bit register                                        : 1
 6-bit register                                        : 2
 8-bit register                                        : 5
# Multiplexers                                         : 142
 1-bit 2-to-1 multiplexer                              : 43
 14-bit 2-to-1 multiplexer                             : 2
 16-bit 2-to-1 multiplexer                             : 3
 2-bit 2-to-1 multiplexer                              : 2
 3-bit 2-to-1 multiplexer                              : 18
 4-bit 2-to-1 multiplexer                              : 9
 6-bit 2-to-1 multiplexer                              : 43
 8-bit 2-to-1 multiplexer                              : 21
 8-bit 8-to-1 multiplexer                              : 1
# Tristates                                            : 2
 1-bit tristate buffer                                 : 2
# FSMs                                                 : 2

=========================================================================

=========================================================================
*                       Advanced HDL Synthesis                          *
=========================================================================


Synthesizing (advanced) Unit <i2c_master_bit_ctrl>.
The following registers are absorbed into counter <cnt>: 1 register on signal <cnt>.
Unit <i2c_master_bit_ctrl> synthesized (advanced).

=========================================================================
Advanced HDL Synthesis Report

Macro Statistics
# Adders/Subtractors                                   : 2
 14-bit subtractor                                     : 1
 3-bit subtractor                                      : 1
# Counters                                             : 1
 16-bit down counter                                   : 1
# Registers                                            : 142
 Flip-Flops                                            : 142
# Multiplexers                                         : 155
 1-bit 2-to-1 multiplexer                              : 51
 1-bit 8-to-1 multiplexer                              : 8
 14-bit 2-to-1 multiplexer                             : 2
 16-bit 2-to-1 multiplexer                             : 2
 2-bit 2-to-1 multiplexer                              : 2
 3-bit 2-to-1 multiplexer                              : 18
 4-bit 2-to-1 multiplexer                              : 9
 6-bit 2-to-1 multiplexer                              : 43
 8-bit 2-to-1 multiplexer                              : 20
# FSMs                                                 : 2

=========================================================================

=========================================================================
*                         Low Level Synthesis                           *
=========================================================================
Analyzing FSM <MFsm> for best encoding.
Optimizing FSM <i2c/byte_controller/FSM_0> on signal <c_state[1:3]> with gray encoding.
-------------------
 State | Encoding
-------------------
 00000 | 000
 00001 | 001
 00100 | 011
 00010 | 010
 01000 | 110
 10000 | 111
-------------------
Analyzing FSM <MFsm> for best encoding.
Optimizing FSM <i2c/byte_controller/bit_controller/FSM_1> on signal <c_state[1:18]> with one-hot encoding.
------------------------------------------
 State              | Encoding
------------------------------------------
 000000000000000000 | 000000000000000001
 000000000000000001 | 000000000000000010
 000000000000000010 | 000000000000000100
 000000000000000100 | 000000000000001000
 000000000000001000 | 000000000000010000
 000000000000010000 | 000000000000100000
 000000000000100000 | 000000000001000000
 000000000001000000 | 000000000010000000
 000000000010000000 | 000000000100000000
 000000000100000000 | 000000001000000000
 000000001000000000 | 000000010000000000
 000000010000000000 | 000000100000000000
 000000100000000000 | 000001000000000000
 000001000000000000 | 000010000000000000
 000010000000000000 | 000100000000000000
 000100000000000000 | 001000000000000000
 001000000000000000 | 010000000000000000
 010000000000000000 | 100000000000000000
------------------------------------------

Optimizing unit <i2c_controller_tst2> ...

Optimizing unit <i2c_master_top> ...

Optimizing unit <i2c_master_byte_ctrl> ...

Optimizing unit <i2c_master_bit_ctrl> ...

Mapping all equations...
Building and optimizing final netlist ...
Found area constraint ratio of 100 (+ 5) on block i2c_controller_tst2, actual ratio is 4.
WARNING:Xst:387 - The KEEP property attached to the net <i2c_rst_d> may hinder timing optimization.
   You may achieve better results by removing this property
WARNING:Xst:387 - The KEEP property attached to the net <i2c_we_d> may hinder timing optimization.
   You may achieve better results by removing this property
WARNING:Xst:387 - The KEEP property attached to the net <i2c_cs_d> may hinder timing optimization.
   You may achieve better results by removing this property
WARNING:Xst:387 - The KEEP property attached to the net <i2c_cyc_d> may hinder timing optimization.
   You may achieve better results by removing this property

Final Macro Processing ...

=========================================================================
Final Register Report

Macro Statistics
# Registers                                            : 179
 Flip-Flops                                            : 179

=========================================================================

=========================================================================
*                           Partition Report                            *
=========================================================================

Partition Implementation Status
-------------------------------

  No Partitions were found in this design.

-------------------------------

=========================================================================
*                            Design Summary                             *
=========================================================================

Top Level Output File Name         : i2c_controller_tst2.ngc

Primitive and Black Box Usage:
------------------------------
# BELS                             : 502
#      GND                         : 2
#      INV                         : 32
#      LUT1                        : 2
#      LUT2                        : 36
#      LUT3                        : 36
#      LUT4                        : 62
#      LUT5                        : 108
#      LUT6                        : 151
#      MUXCY                       : 28
#      MUXF7                       : 14
#      VCC                         : 1
#      XORCY                       : 30
# FlipFlops/Latches                : 179
#      FD                          : 31
#      FDC                         : 73
#      FDCE                        : 38
#      FDE                         : 1
#      FDP                         : 6
#      FDPE                        : 24
#      FDR                         : 6
# Clock Buffers                    : 1
#      BUFGP                       : 1
# IO Buffers                       : 3
#      IBUF                        : 1
#      IOBUF                       : 2

Device utilization summary:
---------------------------

Selected Device : 6slx9csg324-3 


Slice Logic Utilization: 
 Number of Slice Registers:             179  out of  11440     1%  
 Number of Slice LUTs:                  427  out of   5720     7%  
    Number used as Logic:               427  out of   5720     7%  

Slice Logic Distribution: 
 Number of LUT Flip Flop pairs used:    439
   Number with an unused Flip Flop:     260  out of    439    59%  
   Number with an unused LUT:            12  out of    439     2%  
   Number of fully used LUT-FF pairs:   167  out of    439    38%  
   Number of unique control sets:        19

IO Utilization: 
 Number of IOs:                           4
 Number of bonded IOBs:                   4  out of    200     2%  

Specific Feature Utilization:
 Number of BUFG/BUFGCTRL/BUFHCEs:         1  out of     16     6%  

---------------------------
Partition Resource Summary:
---------------------------

  No Partitions were found in this design.

---------------------------


=========================================================================
Timing Report

NOTE: THESE TIMING NUMBERS ARE ONLY A SYNTHESIS ESTIMATE.
      FOR ACCURATE TIMING INFORMATION PLEASE REFER TO THE TRACE REPORT
      GENERATED AFTER PLACE-and-ROUTE.

Clock Information:
------------------
-----------------------------------+------------------------+-------+
Clock Signal                       | Clock buffer(FF name)  | Load  |
-----------------------------------+------------------------+-------+
clk                                | BUFGP                  | 179   |
-----------------------------------+------------------------+-------+

Asynchronous Control Signals Information:
----------------------------------------
No asynchronous control signals found in this design

Timing Summary:
---------------
Speed Grade: -3

   Minimum period: 5.424ns (Maximum Frequency: 184.351MHz)
   Minimum input arrival time before clock: 4.239ns
   Maximum output required time after clock: 3.820ns
   Maximum combinational path delay: No path found

Timing Details:
---------------
All values displayed in nanoseconds (ns)

=========================================================================
Timing constraint: Default period analysis for Clock 'clk'
  Clock period: 5.424ns (frequency: 184.351MHz)
  Total number of paths / destination ports: 4879 / 242
-------------------------------------------------------------------------
Delay:               5.424ns (Levels of Logic = 4)
  Source:            state_5 (FF)
  Destination:       state_1 (FF)
  Source Clock:      clk rising
  Destination Clock: clk rising

  Data Path: state_5 to state_1
                                Gate     Net
    Cell:in->out      fanout   Delay   Delay  Logical Name (Net Name)
    ----------------------------------------  ------------
     FDR:C->Q             80   0.447   2.090  state_5 (state_5)
     LUT6:I1->O            1   0.203   0.808  state[5]_GND_1_o_equal_43_o<5>1 (state[5]_GND_1_o_equal_43_o)
     LUT5:I2->O            1   0.205   0.580  Mmux_nextState76 (Mmux_nextState75)
     LUT6:I5->O            1   0.205   0.580  Mmux_nextState77 (Mmux_nextState76)
     LUT6:I5->O            1   0.205   0.000  Mmux_nextState78 (nextState<1>)
     FDR:D                     0.102          state_1
    ----------------------------------------
    Total                      5.424ns (1.367ns logic, 4.057ns route)
                                       (25.2% logic, 74.8% route)

=========================================================================
Timing constraint: Default OFFSET IN BEFORE for Clock 'clk'
  Total number of paths / destination ports: 149 / 149
-------------------------------------------------------------------------
Offset:              4.239ns (Levels of Logic = 4)
  Source:            rst_n (PAD)
  Destination:       i2c/byte_controller/bit_controller/slave_wait (FF)
  Destination Clock: clk rising

  Data Path: rst_n to i2c/byte_controller/bit_controller/slave_wait
                                Gate     Net
    Cell:in->out      fanout   Delay   Delay  Logical Name (Net Name)
    ----------------------------------------  ------------
     IBUF:I->O             4   1.222   0.683  rst_n_IBUF (rst_n_IBUF)
     begin scope: 'i2c:arst_i'
     begin scope: 'i2c/byte_controller:nReset'
     begin scope: 'i2c/byte_controller/bit_controller:nReset'
     INV:I->O             73   0.206   1.699  nReset_inv1_INV_0 (nReset_inv)
     FDC:CLR                   0.430          slave_wait
    ----------------------------------------
    Total                      4.239ns (1.858ns logic, 2.381ns route)
                                       (43.8% logic, 56.2% route)

=========================================================================
Timing constraint: Default OFFSET OUT AFTER for Clock 'clk'
  Total number of paths / destination ports: 2 / 2
-------------------------------------------------------------------------
Offset:              3.820ns (Levels of Logic = 3)
  Source:            i2c/byte_controller/bit_controller/scl_oen (FF)
  Destination:       scl (PAD)
  Source Clock:      clk rising

  Data Path: i2c/byte_controller/bit_controller/scl_oen to scl
                                Gate     Net
    Cell:in->out      fanout   Delay   Delay  Logical Name (Net Name)
    ----------------------------------------  ------------
     FDPE:C->Q             8   0.447   0.802  scl_oen (scl_oen)
     end scope: 'i2c/byte_controller/bit_controller:scl_oen'
     end scope: 'i2c/byte_controller:scl_oen'
     end scope: 'i2c:scl_padoen_o'
     IOBUF:T->IO               2.571          scl_IOBUF (scl)
    ----------------------------------------
    Total                      3.820ns (3.018ns logic, 0.802ns route)
                                       (79.0% logic, 21.0% route)

=========================================================================

Cross Clock Domains Report:
--------------------------

Clock to Setup on destination clock clk
---------------+---------+---------+---------+---------+
               | Src:Rise| Src:Fall| Src:Rise| Src:Fall|
Source Clock   |Dest:Rise|Dest:Rise|Dest:Fall|Dest:Fall|
---------------+---------+---------+---------+---------+
clk            |    5.424|         |         |         |
---------------+---------+---------+---------+---------+

=========================================================================


Total REAL time to Xst completion: 8.00 secs
Total CPU time to Xst completion: 7.03 secs
 
--> 

Total memory usage is 287856 kilobytes

Number of errors   :    0 (   0 filtered)
Number of warnings :    8 (   0 filtered)
Number of infos    :    3 (   0 filtered)

