Running: C:\Xilinx\14.5\ISE_DS\ISE\bin\nt64\unwrapped\fuse.exe -intstyle ise -incremental -lib unisims_ver -lib unimacro_ver -lib xilinxcorelib_ver -lib secureip -o C:/Users/Camilo/Documents/Xilinx_Workspace/I2C/i2c_tst_2read_isim_beh.exe -prj C:/Users/Camilo/Documents/Xilinx_Workspace/I2C/i2c_tst_2read_beh.prj work.i2c_tst_2read work.glbl 
ISim P.58f (signature 0x7708f090)
Number of CPUs detected in this system: 8
Turning on mult-threading, number of parallel sub-compilation jobs: 16 
Determining compilation order of HDL files
Analyzing Verilog file "C:/Users/Camilo/Documents/Xilinx_Workspace/I2C/clk_generator.v" into library work
Analyzing Verilog file "C:/Users/Camilo/Documents/Xilinx_Workspace/I2C/I2C.v" into library work
Analyzing Verilog file "C:/Users/Camilo/Documents/Xilinx_Workspace/I2C/i2c_tst_2read.v" into library work
Analyzing Verilog file "C:/Xilinx/14.5/ISE_DS/ISE//verilog/src/glbl.v" into library work
Starting static elaboration
Completed static elaboration
Compiling module clk_generator
Compiling module I2C
Compiling module i2c_tst_2read
Compiling module glbl
Time Resolution for simulation is 1ps.
Compiled 4 Verilog Units
Built simulation executable C:/Users/Camilo/Documents/Xilinx_Workspace/I2C/i2c_tst_2read_isim_beh.exe
Fuse Memory Usage: 28200 KB
Fuse CPU Usage: 468 ms
